<?xml version="1.0" encoding="UTF-8"?>
<!-- Generated by org.testng.reporters.JUnitReportReporter -->
<testsuite hostname="LAPTOP-GAUPM6CM" failures="0" tests="4" name="testscripts.regression.ValidateLogin2" time="44.572" errors="0" timestamp="2023-05-17T10:04:30 IST" skipped="0">
  <testcase classname="testscripts.regression.ValidateLogin2" name="validateLoginTest1" time="11.063"/>
  <system-out/>
  <testcase classname="testscripts.regression.ValidateLogin2" name="validateLoginTest2" time="9.797"/>
  <system-out/>
  <testcase classname="testscripts.regression.ValidateLogin2" name="validateLoginTest4" time="13.558"/>
  <system-out/>
  <testcase classname="testscripts.regression.ValidateLogin2" name="validateLoginTest3" time="10.154"/>
  <system-out/>
</testsuite> <!-- testscripts.regression.ValidateLogin2 -->
