<?xml version="1.0" encoding="UTF-8"?>
<!-- Generated by org.testng.reporters.JUnitReportReporter -->
<testsuite hostname="LAPTOP-GAUPM6CM" failures="0" tests="4" name="testscripts.regression.ValidateLogin2" time="43.096" errors="0" timestamp="2023-05-23T09:38:21 IST" skipped="0">
  <testcase classname="testscripts.regression.ValidateLogin2" name="validateLoginTest1" time="10.276"/>
  <system-out/>
  <testcase classname="testscripts.regression.ValidateLogin2" name="validateLoginTest3" time="9.801"/>
  <system-out/>
  <testcase classname="testscripts.regression.ValidateLogin2" name="validateLoginTest4" time="9.950"/>
  <system-out/>
  <testcase classname="testscripts.regression.ValidateLogin2" name="validateLoginTest2" time="13.069"/>
  <system-out/>
</testsuite> <!-- testscripts.regression.ValidateLogin2 -->
