<?xml version="1.0" encoding="UTF-8"?>
<!-- Generated by org.testng.reporters.JUnitReportReporter -->
<testsuite hostname="LAPTOP-GAUPM6CM" failures="0" tests="1" name="testscripts.regression.ValidateLogin" time="18.319" errors="0" timestamp="2023-05-17T09:59:29 IST" skipped="0">
  <testcase classname="testscripts.regression.ValidateLogin" name="validateLoginTest" time="18.319"/>
  <system-out/>
</testsuite> <!-- testscripts.regression.ValidateLogin -->
