<?xml version="1.0" encoding="UTF-8"?>
<!-- Generated by org.testng.reporters.JUnitReportReporter -->
<testsuite hostname="LAPTOP-GAUPM6CM" failures="0" tests="8" name="testscripts.regression.ValidateLoginUsingDataProviderExcel" time="83.684" errors="0" timestamp="2023-05-18T09:29:56 IST" skipped="0">
  <testcase classname="testscripts.regression.ValidateLoginUsingDataProviderExcel" name="validateLoginTest" time="9.943"/>
  <system-out/>
  <testcase classname="testscripts.regression.ValidateLoginUsingDataProviderExcel" name="validateLoginTest" time="10.656"/>
  <system-out/>
  <testcase classname="testscripts.regression.ValidateLoginUsingDataProviderExcel" name="validateLoginTest" time="10.453"/>
  <system-out/>
  <testcase classname="testscripts.regression.ValidateLoginUsingDataProviderExcel" name="validateLoginTest" time="12.389"/>
  <system-out/>
  <testcase classname="testscripts.regression.ValidateLoginUsingDataProviderExcel" name="validateLoginTest" time="10.359"/>
  <system-out/>
  <testcase classname="testscripts.regression.ValidateLoginUsingDataProviderExcel" name="validateLoginTest" time="9.982"/>
  <system-out/>
  <testcase classname="testscripts.regression.ValidateLoginUsingDataProviderExcel" name="validateLoginTest" time="9.879"/>
  <system-out/>
  <testcase classname="testscripts.regression.ValidateLoginUsingDataProviderExcel" name="validateLoginTest" time="10.023"/>
  <system-out/>
</testsuite> <!-- testscripts.regression.ValidateLoginUsingDataProviderExcel -->
