<?xml version="1.0" encoding="UTF-8"?>
<!-- Generated by org.testng.reporters.JUnitReportReporter -->
<testsuite hostname="LAPTOP-GAUPM6CM" failures="0" tests="4" name="testscripts.smoke.ValidateLoginHybrid" time="42.916" errors="0" timestamp="2023-05-23T09:50:12 IST" skipped="0">
  <testcase classname="testscripts.smoke.ValidateLoginHybrid" name="validateLoginTest" time="11.250"/>
  <system-out/>
  <testcase classname="testscripts.smoke.ValidateLoginHybrid" name="validateLoginTest" time="9.824"/>
  <system-out/>
  <testcase classname="testscripts.smoke.ValidateLoginHybrid" name="validateLoginTest" time="9.883"/>
  <system-out/>
  <testcase classname="testscripts.smoke.ValidateLoginHybrid" name="validateLoginTest" time="11.959"/>
  <system-out/>
</testsuite> <!-- testscripts.smoke.ValidateLoginHybrid -->
