<?xml version="1.0" encoding="UTF-8"?>
<!-- Generated by org.testng.reporters.JUnitReportReporter -->
<testsuite hostname="LAPTOP-GAUPM6CM" failures="0" tests="1" name="testscripts.regression.ValidateLogin" time="11.101" errors="0" timestamp="2023-05-18T10:55:04 IST" skipped="0">
  <testcase classname="testscripts.regression.ValidateLogin" name="validateLoginTest" time="11.101"/>
  <system-out/>
</testsuite> <!-- testscripts.regression.ValidateLogin -->
