<?xml version="1.0" encoding="UTF-8"?>
<!-- Generated by org.testng.reporters.JUnitReportReporter -->
<testsuite hostname="LAPTOP-GAUPM6CM" failures="0" tests="1" name="testscripts.smoke.ValidateLogin" time="11.043" errors="0" timestamp="2023-05-19T10:18:57 IST" skipped="0">
  <testcase classname="testscripts.smoke.ValidateLogin" name="validateLoginTest" time="11.043"/>
  <system-out/>
</testsuite> <!-- testscripts.smoke.ValidateLogin -->
