<?xml version="1.0" encoding="UTF-8"?>
<!-- Generated by org.testng.reporters.JUnitReportReporter -->
<testsuite hostname="LAPTOP-GAUPM6CM" failures="0" tests="1" name="may12th.AdatcinLogin" time="12.561" errors="0" timestamp="2023-05-12T09:43:54 IST" skipped="0">
  <testcase classname="may12th.AdatcinLogin" name="loginTest" time="12.561"/>
  <system-out/>
</testsuite> <!-- may12th.AdatcinLogin -->
