<?xml version="1.0" encoding="UTF-8"?>
<!-- Generated by org.testng.reporters.JUnitReportReporter -->
<testsuite hostname="LAPTOP-GAUPM6CM" failures="0" tests="1" name="may15th.ValidateLogin" time="11.360" errors="0" timestamp="2023-05-15T11:29:53 IST" skipped="0">
  <testcase classname="may15th.ValidateLogin" name="validateLoginTest" time="11.360"/>
  <system-out/>
</testsuite> <!-- may15th.ValidateLogin -->
