<?xml version="1.0" encoding="UTF-8"?>
<!-- Generated by org.testng.reporters.JUnitReportReporter -->
<testsuite hostname="LAPTOP-GAUPM6CM" failures="0" tests="1" name="testscripts.regression.ValidateSearchHotelUsingDataProvider" time="12.970" errors="0" timestamp="2023-05-24T10:04:27 IST" skipped="0">
  <testcase classname="testscripts.regression.ValidateSearchHotelUsingDataProvider" name="ValidateSearchHotelTest" time="12.970"/>
  <system-out/>
</testsuite> <!-- testscripts.regression.ValidateSearchHotelUsingDataProvider -->
